
Thu 14 Mar 2024 07:57:43 PM UTC: 
 exercises.c | 5 ++++-
 1 file changed, 4 insertions(+), 1 deletion(-)
 tests:  0|6
total_score: 10/70
672ae03
Thu 14 Mar 2024 08:09:35 PM UTC: 
 exercises.c | 12 ++++++++++++
 1 file changed, 12 insertions(+)
 tests:  0|5
total_score: 20/70
9758f3f
Thu 14 Mar 2024 08:24:18 PM UTC: 
 exercises.c | 23 ++++++++++++++++++++++-
 1 file changed, 22 insertions(+), 1 deletion(-)
In file included from test.c:1:
exercises.c: In function ‘filterEvenNumbers’:
exercises.c:62:42: error: invalid operands to binary * (have ‘int *’ and ‘long unsigned int’)
   62 |   int *nuevoarr = (int *) malloc(newSize * sizeof(int))
      |                                          ^
exercises.c:63:3: error: expected ‘,’ or ‘;’ before ‘if’
   63 |   if (nuevoarr == NULL) (EXIT_FAILURE);
      |   ^~
exercises.c:64:18: error: comparison between pointer and integer [-Werror]
   64 |   for (i = 0 ; i < newSize ; i++)
      |                  ^
cc1: all warnings being treated as errors
Compilation failed
1c962bd
Thu 14 Mar 2024 08:24:51 PM UTC: 
 exercises.c | 2 +-
 1 file changed, 1 insertion(+), 1 deletion(-)
In file included from test.c:1:
exercises.c: In function ‘filterEvenNumbers’:
exercises.c:62:42: error: invalid operands to binary * (have ‘int *’ and ‘long unsigned int’)
   62 |   int *nuevoarr = (int *) malloc(newSize * sizeof(int))
      |                                          ^
exercises.c:63:3: error: expected ‘,’ or ‘;’ before ‘if’
   63 |   if (nuevoarr == NULL) (EXIT_FAILURE);
      |   ^~
Compilation failed
22fc447
Thu 14 Mar 2024 08:25:13 PM UTC: 
 exercises.c | 2 +-
 1 file changed, 1 insertion(+), 1 deletion(-)
In file included from test.c:1:
exercises.c: In function ‘filterEvenNumbers’:
exercises.c:62:42: error: invalid operands to binary * (have ‘int *’ and ‘long unsigned int’)
   62 |   int *nuevoarr = (int *) malloc(newSize * sizeof(int));
      |                                          ^
exercises.c:63:25: error: statement with no effect [-Werror=unused-value]
   63 |   if (nuevoarr == NULL) (EXIT_FAILURE);
      |                         ^
cc1: all warnings being treated as errors
Compilation failed
3d4364b
Thu 14 Mar 2024 08:26:50 PM UTC: 
 exercises.c | 5 +++--
 1 file changed, 3 insertions(+), 2 deletions(-)
In file included from test.c:1:
exercises.c: In function ‘filterEvenNumbers’:
exercises.c:64:25: error: statement with no effect [-Werror=unused-value]
   64 |   if (nuevoarr == NULL) (EXIT_FAILURE);
      |                         ^
cc1: all warnings being treated as errors
Compilation failed
350fcfd
Thu 14 Mar 2024 08:29:04 PM UTC: 
 exercises.c | 3 ++-
 1 file changed, 2 insertions(+), 1 deletion(-)
In file included from test.c:1:
exercises.c: In function ‘filterEvenNumbers’:
exercises.c:64:25: error: statement with no effect [-Werror=unused-value]
   64 |   if (nuevoarr == NULL) (EXIT_FAILURE);
      |                         ^
cc1: all warnings being treated as errors
Compilation failed
08013de
Thu 14 Mar 2024 08:34:37 PM UTC: 
 exercises.c | 2 +-
 1 file changed, 1 insertion(+), 1 deletion(-)
 tests:  0|5
total_score: 20/70
132570d
Thu 14 Mar 2024 08:38:09 PM UTC: 
 exercises.c | 5 ++++-
 1 file changed, 4 insertions(+), 1 deletion(-)
 tests:  0|4
total_score: 30/70
741b639
Thu 14 Mar 2024 08:44:19 PM UTC: 
 exercises.c | 18 +++++++++++++++++-
 1 file changed, 17 insertions(+), 1 deletion(-)
In file included from test.c:1:
exercises.c: In function ‘mergeSortedArrays’:
exercises.c:89:10: error: ‘result’ redeclared as different kind of symbol
   89 |     int* result = (int *) malloc (sizeof(int) * (size1 + size2));
      |          ^~~~~~
exercises.c:87:28: note: previous definition of ‘result’ with type ‘int *’
   87 |                        int result[])
      |                        ~~~~^~~~~~~~
Compilation failed
cc08b79
Thu 14 Mar 2024 08:57:52 PM UTC: 
 exercises.c | 14 ++++++++++++++
 1 file changed, 14 insertions(+)
In file included from test.c:1:
exercises.c:101:1: error: expected identifier or ‘(’ before ‘{’ token
  101 | {
      | ^
Compilation failed
b901652
Thu 14 Mar 2024 08:58:20 PM UTC: 
 exercises.c | 2 +-
 1 file changed, 1 insertion(+), 1 deletion(-)
In file included from test.c:1:
exercises.c: In function ‘mergeSortedArrays’:
exercises.c:91:21: error: expected expression before ‘<’ token
   91 |     if(arr1[ctra1] =< arr2[ctra2]) {
      |                     ^
exercises.c: At top level:
exercises.c:101:1: error: expected identifier or ‘(’ before ‘{’ token
  101 | {
      | ^
Compilation failed
d664770
Thu 14 Mar 2024 08:58:33 PM UTC: 
 exercises.c | 2 +-
 1 file changed, 1 insertion(+), 1 deletion(-)
In file included from test.c:1:
exercises.c:101:1: error: expected identifier or ‘(’ before ‘{’ token
  101 | {
      | ^
Compilation failed
3037103
Thu 14 Mar 2024 08:58:56 PM UTC: 
 exercises.c | 4 ++--
 1 file changed, 2 insertions(+), 2 deletions(-)
 tests:  0|3
total_score: 40/70
7cb3702
Thu 14 Mar 2024 08:59:56 PM UTC: 
 exercises.c | 16 ----------------
 1 file changed, 16 deletions(-)
 tests:  0|4
total_score: 30/70
042e69d
Thu 14 Mar 2024 09:01:28 PM UTC: 
 exercises.c | 2 +-
 1 file changed, 1 insertion(+), 1 deletion(-)
In file included from test.c:1:
exercises.c: In function ‘mergeSortedArrays’:
exercises.c:94:10: error: expected ‘(’ before ‘else’
   94 |     } if else(arr2[ctra2] <= arr1[ctra1]) {
      |          ^~~~
      |          (
Compilation failed
5fd89e3
Thu 14 Mar 2024 09:01:56 PM UTC: 
 exercises.c | 2 +-
 1 file changed, 1 insertion(+), 1 deletion(-)
 tests:  0|4
total_score: 30/70
c823f07
Thu 14 Mar 2024 09:02:18 PM UTC: 
 exercises.c | 3 ++-
 1 file changed, 2 insertions(+), 1 deletion(-)
 tests:  0|4
total_score: 30/70
f33c90d
Thu 14 Mar 2024 09:03:04 PM UTC: 
 exercises.c | 5 ++---
 1 file changed, 2 insertions(+), 3 deletions(-)
 tests:  0|4
total_score: 30/70
21e878b
Thu 14 Mar 2024 09:03:19 PM UTC: 
 exercises.c | 2 +-
 1 file changed, 1 insertion(+), 1 deletion(-)
 tests:  0|4
total_score: 30/70
521b914
Thu 14 Mar 2024 09:06:07 PM UTC: 
 exercises.c | 6 ++++--
 1 file changed, 4 insertions(+), 2 deletions(-)
 tests:  0|4
total_score: 30/70
0003d4d
Thu 14 Mar 2024 09:07:33 PM UTC: 
 exercises.c | 4 ++--
 1 file changed, 2 insertions(+), 2 deletions(-)
 tests:  0|4
total_score: 30/70
e3e28a6
Thu 14 Mar 2024 09:09:47 PM UTC: 
 exercises.c | 4 ++--
 1 file changed, 2 insertions(+), 2 deletions(-)
 tests:  0|3
total_score: 40/70
d91d0bf
Thu 14 Mar 2024 09:11:05 PM UTC: 
 exercises.c | 2 +-
 1 file changed, 1 insertion(+), 1 deletion(-)
 tests:  0|3
total_score: 40/70
f79ccca
Thu 14 Mar 2024 09:12:50 PM UTC: 
 exercises.c | 2 +-
 1 file changed, 1 insertion(+), 1 deletion(-)
 tests:  0|3
total_score: 40/70
6b263c2
Thu 14 Mar 2024 09:13:47 PM UTC: 
 exercises.c | 2 --
 1 file changed, 2 deletions(-)
 tests:  0|3
total_score: 40/70
c6b6add
Thu 14 Mar 2024 09:19:21 PM UTC: 
 exercises.c | 11 ++++++++++-
 1 file changed, 10 insertions(+), 1 deletion(-)
In file included from test.c:1:
exercises.c: In function ‘checkSorted’:
exercises.c:112:26: error: expected statement before ‘)’ token
  112 |     if(arr[i] < arr[i+1])) retorno = 1;
      |                          ^
exercises.c:112:5: error: this ‘if’ clause does not guard... [-Werror=misleading-indentation]
  112 |     if(arr[i] < arr[i+1])) retorno = 1;
      |     ^~
exercises.c:112:28: note: ...this statement, but the latter is misleadingly indented as if it were guarded by the ‘if’
  112 |     if(arr[i] < arr[i+1])) retorno = 1;
      |                            ^~~~~~~
exercises.c:110:7: error: variable ‘retorno’ set but not used [-Werror=unused-but-set-variable]
  110 |   int retorno = 0;
      |       ^~~~~~~
exercises.c:115:1: error: control reaches end of non-void function [-Werror=return-type]
  115 | }
      | ^
cc1: all warnings being treated as errors
Compilation failed
d671943
Thu 14 Mar 2024 09:19:42 PM UTC: 
 exercises.c | 2 +-
 1 file changed, 1 insertion(+), 1 deletion(-)
In file included from test.c:1:
exercises.c: In function ‘checkSorted’:
exercises.c:110:7: error: variable ‘retorno’ set but not used [-Werror=unused-but-set-variable]
  110 |   int retorno = 0;
      |       ^~~~~~~
exercises.c:115:1: error: control reaches end of non-void function [-Werror=return-type]
  115 | }
      | ^
cc1: all warnings being treated as errors
Compilation failed
2e534d0
Sat 16 Mar 2024 08:22:55 PM UTC: 
 exercises.c | 3 ++-
 1 file changed, 2 insertions(+), 1 deletion(-)
In file included from test.c:1:
exercises.c: In function ‘checkSorted’:
exercises.c:113:5: error: ‘else’ without a previous ‘if’
  113 |   } else {
      |     ^~~~
exercises.c:110:7: error: variable ‘retorno’ set but not used [-Werror=unused-but-set-variable]
  110 |   int retorno = 0;
      |       ^~~~~~~
cc1: all warnings being treated as errors
Compilation failed
e471be6
Sat 16 Mar 2024 08:23:13 PM UTC: 
 exercises.c | 3 ++-
 1 file changed, 2 insertions(+), 1 deletion(-)
In file included from test.c:1:
exercises.c: In function ‘checkSorted’:
exercises.c:113:5: error: ‘else’ without a previous ‘if’
  113 |   } else {
      |     ^~~~
Compilation failed
39c33d5
Sat 16 Mar 2024 08:25:57 PM UTC: 
 exercises.c | 15 +++++++++++----
 1 file changed, 11 insertions(+), 4 deletions(-)
 tests:  0|3
total_score: 40/70
26bda64
Sat 16 Mar 2024 08:28:52 PM UTC: 
 exercises.c | 5 +++--
 1 file changed, 3 insertions(+), 2 deletions(-)
 tests:  0|3
total_score: 40/70
bb5a21c
Sat 16 Mar 2024 09:09:05 PM UTC: 
 exercises.c | 3 ++-
 1 file changed, 2 insertions(+), 1 deletion(-)
In file included from test.c:1:
exercises.c: In function ‘checkSorted’:
exercises.c:114:7: error: variable ‘retorno’ set but not used [-Werror=unused-but-set-variable]
  114 |   int retorno = 0;
      |       ^~~~~~~
exercises.c:112:7: error: unused variable ‘descendente’ [-Werror=unused-variable]
  112 |   int descendente = 1;
      |       ^~~~~~~~~~~
exercises.c:111:7: error: unused variable ‘ascendente’ [-Werror=unused-variable]
  111 |   int ascendente = 1;
      |       ^~~~~~~~~~
exercises.c:126:1: error: control reaches end of non-void function [-Werror=return-type]
  126 | }
      | ^
cc1: all warnings being treated as errors
Compilation failed
280ad5b
Sat 16 Mar 2024 09:12:32 PM UTC: 
 exercises.c | 20 ++++++++++++++++----
 1 file changed, 16 insertions(+), 4 deletions(-)
In file included from test.c:1:
exercises.c: In function ‘checkSorted’:
exercises.c:114:7: error: unused variable ‘retorno’ [-Werror=unused-variable]
  114 |   int retorno = 0;
      |       ^~~~~~~
cc1: all warnings being treated as errors
Compilation failed
f4bf88a
Sat 16 Mar 2024 09:12:38 PM UTC: 
 exercises.c | 1 -
 1 file changed, 1 deletion(-)
 tests:  0|3
total_score: 40/70
f8031c6
Sat 16 Mar 2024 09:12:56 PM UTC: 
 exercises.c | 4 ++--
 1 file changed, 2 insertions(+), 2 deletions(-)
 tests:  0|3
total_score: 40/70
84ab6a0
Sat 16 Mar 2024 09:13:20 PM UTC: 
 exercises.c | 2 +-
 1 file changed, 1 insertion(+), 1 deletion(-)
 tests:  0|2
total_score: 50/70
eefc5e5
